<?xml version="1.0" encoding="UTF-8"?>
<!-- Generated by org.testng.reporters.JUnitXMLReporter -->
<testsuite hostname="DESKTOP-69A82KC" ignored="0" name="Default test" tests="4" failures="0" timestamp="25 Dec 2020 13:33:01 GMT" time="43.426" errors="0">
  <testcase name="loginTest" time="19.918" classname="excelOperations.DataDrivenTest"/>
  <testcase name="loginTest" time="4.083" classname="excelOperations.DataDrivenTest"/>
  <testcase name="loginTest" time="3.463" classname="excelOperations.DataDrivenTest"/>
  <testcase name="loginTest" time="2.717" classname="excelOperations.DataDrivenTest"/>
</testsuite> <!-- Default test -->
