<?xml version="1.0" encoding="UTF-8"?>
<!-- Generated by org.testng.reporters.JUnitReportReporter -->
<testsuite name="excelOperations.DataDrivenTest" tests="4" time="30.181" ignored="0" failures="0" timestamp="25 Dec 2020 13:33:01 GMT" skipped="0" hostname="DESKTOP-69A82KC" errors="0">
  <testcase name="loginTest" time="19.918" classname="excelOperations.DataDrivenTest"/>
  <testcase name="loginTest" time="2.717" classname="excelOperations.DataDrivenTest"/>
  <testcase name="loginTest" time="4.083" classname="excelOperations.DataDrivenTest"/>
  <testcase name="loginTest" time="3.463" classname="excelOperations.DataDrivenTest"/>
</testsuite> <!-- excelOperations.DataDrivenTest -->
